c:\users\eunseong\documents\github\boostchat\client\x64\debug\libcrypto-3-x64.dll
c:\users\jsilv\project\boostchat\boostchat\version2\client\x64\debug\libcrypto-3-x64.dll
c:\users\jsilv\project\boostchat\boostchat\version2\client\fee-backend-client\x64\debug\vc143.pdb
c:\users\jsilv\project\boostchat\boostchat\version2\client\fee-backend-client\x64\debug\vc143.idb
c:\users\jsilv\project\boostchat\boostchat\version2\client\fee-backend-client\x64\debug\test.obj
c:\users\jsilv\project\boostchat\boostchat\version2\client\fee-backend-client\x64\debug\main.obj
c:\users\jsilv\project\boostchat\boostchat\version2\client\fee-backend-client\x64\debug\test2.obj
c:\users\jsilv\project\boostchat\boostchat\version2\client\x64\debug\boostchat-client.exe
c:\users\jsilv\project\boostchat\boostchat\version2\client\x64\debug\boostchat-client.pdb
c:\users\jsilv\project\boostchat\boostchat\version2\client\fee-backend-client\x64\debug\boostchat-client.ilk
c:\users\jsilv\project\boostchat\boostchat\version2\client\fee-backend-client\x64\debug\fee-backend-client.ilk
c:\users\jsilv\project\boostchat\boostchat\version2\client\fee-backend-client\x64\debug\boostchat-client.tlog\boostchat-client.write.1u.tlog
c:\users\jsilv\project\boostchat\boostchat\version2\client\fee-backend-client\x64\debug\boostchat-client.tlog\cl.command.1.tlog
c:\users\jsilv\project\boostchat\boostchat\version2\client\fee-backend-client\x64\debug\boostchat-client.tlog\cl.items.tlog
c:\users\jsilv\project\boostchat\boostchat\version2\client\fee-backend-client\x64\debug\boostchat-client.tlog\cl.read.1.tlog
c:\users\jsilv\project\boostchat\boostchat\version2\client\fee-backend-client\x64\debug\boostchat-client.tlog\cl.write.1.tlog
c:\users\jsilv\project\boostchat\boostchat\version2\client\fee-backend-client\x64\debug\boostchat-client.tlog\link.37176-cvtres.read.1.tlog
c:\users\jsilv\project\boostchat\boostchat\version2\client\fee-backend-client\x64\debug\boostchat-client.tlog\link.37176-cvtres.write.1.tlog
c:\users\jsilv\project\boostchat\boostchat\version2\client\fee-backend-client\x64\debug\boostchat-client.tlog\link.37176-rc.read.1.tlog
c:\users\jsilv\project\boostchat\boostchat\version2\client\fee-backend-client\x64\debug\boostchat-client.tlog\link.37176-rc.write.1.tlog
c:\users\jsilv\project\boostchat\boostchat\version2\client\fee-backend-client\x64\debug\boostchat-client.tlog\link.37176.read.1.tlog
c:\users\jsilv\project\boostchat\boostchat\version2\client\fee-backend-client\x64\debug\boostchat-client.tlog\link.37176.read.2.tlog
c:\users\jsilv\project\boostchat\boostchat\version2\client\fee-backend-client\x64\debug\boostchat-client.tlog\link.37176.read.3.tlog
c:\users\jsilv\project\boostchat\boostchat\version2\client\fee-backend-client\x64\debug\boostchat-client.tlog\link.37176.read.4.tlog
c:\users\jsilv\project\boostchat\boostchat\version2\client\fee-backend-client\x64\debug\boostchat-client.tlog\link.37176.write.1.tlog
c:\users\jsilv\project\boostchat\boostchat\version2\client\fee-backend-client\x64\debug\boostchat-client.tlog\link.command.1.tlog
c:\users\jsilv\project\boostchat\boostchat\version2\client\fee-backend-client\x64\debug\boostchat-client.tlog\link.read.1.tlog
c:\users\jsilv\project\boostchat\boostchat\version2\client\fee-backend-client\x64\debug\boostchat-client.tlog\link.read.2.tlog
c:\users\jsilv\project\boostchat\boostchat\version2\client\fee-backend-client\x64\debug\boostchat-client.tlog\link.read.3.tlog
c:\users\jsilv\project\boostchat\boostchat\version2\client\fee-backend-client\x64\debug\boostchat-client.tlog\link.secondary.1.tlog
c:\users\jsilv\project\boostchat\boostchat\version2\client\fee-backend-client\x64\debug\boostchat-client.tlog\link.write.1.tlog
